[debug] [2023-08-06T12:38:00.243Z] ----------------------------------------------------------------------
[debug] [2023-08-06T12:38:00.257Z] Command:       C:\Program Files\nodejs\node.exe C:\Users\SHREEDHAR\AppData\Roaming\npm\node_modules\firebase-tools\lib\bin\firebase.js init
[debug] [2023-08-06T12:38:00.257Z] CLI Version:   12.4.7
[debug] [2023-08-06T12:38:00.258Z] Platform:      win32
[debug] [2023-08-06T12:38:00.258Z] Node Version:  v20.5.0
[debug] [2023-08-06T12:38:00.258Z] Time:          Sun Aug 06 2023 18:08:00 GMT+0530 (India Standard Time)
[debug] [2023-08-06T12:38:00.258Z] ----------------------------------------------------------------------
[debug] 
[debug] [2023-08-06T12:38:00.347Z] > command requires scopes: ["email","openid","https://www.googleapis.com/auth/cloudplatformprojects.readonly","https://www.googleapis.com/auth/firebase","https://www.googleapis.com/auth/cloud-platform"]
[debug] [2023-08-06T12:38:00.347Z] > authorizing via signed-in user (shridhardhumal46@gmail.com)
[info] 
     ######## #### ########  ######## ########     ###     ######  ########
     ##        ##  ##     ## ##       ##     ##  ##   ##  ##       ##
     ######    ##  ########  ######   ########  #########  ######  ######
     ##        ##  ##    ##  ##       ##     ## ##     ##       ## ##
     ##       #### ##     ## ######## ########  ##     ##  ######  ########

You're about to initialize a Firebase project in this directory:

  C:\Users\SHREEDHAR

Before we get started, keep in mind:

  * You are initializing within an existing Firebase project directory

[info] 
=== Project Setup
[info] 
[info] First, let's associate this project directory with a Firebase project.
[info] You can create multiple project aliases by running firebase use --add, 
[info] but for now we'll just set up a default project.
[info] 
[debug] [2023-08-06T12:38:38.023Z] Using project from CLI flag: whats-app-clone-26022
[debug] [2023-08-06T12:38:38.029Z] >>> [apiv2][query] GET https://firebase.googleapis.com/v1beta1/projects/whats-app-clone-26022 [none]
[debug] [2023-08-06T12:38:38.691Z] <<< [apiv2][status] GET https://firebase.googleapis.com/v1beta1/projects/whats-app-clone-26022 200
[debug] [2023-08-06T12:38:38.692Z] <<< [apiv2][body] GET https://firebase.googleapis.com/v1beta1/projects/whats-app-clone-26022 {"projectId":"whats-app-clone-26022","projectNumber":"1034854064420","displayName":"Whats App Clone","name":"projects/whats-app-clone-26022","resources":{"hostingSite":"whats-app-clone-26022"},"state":"ACTIVE","etag":"1_580c29fe-ef7a-4306-bdbe-12a0d3ab2f52"}
[info] i  Using project whats-app-clone-26022 (Whats App Clone) 
[info] 
=== Hosting Setup
[info] 
[info] Your public directory is the folder (relative to your project directory) that
[info] will contain Hosting assets to be uploaded with firebase deploy. If you
[info] have a build process for your assets, use your build's output directory.
[info] 
